make all --print-data-base --no-builtin-variables --no-builtin-rules --question
# GNU Make 3.81
# Copyright (C) 2006  Free Software Foundation, Inc.
# This is free software; see the source for copying conditions.
# There is NO warranty; not even for MERCHANTABILITY or FITNESS FOR A
# PARTICULAR PURPOSE.

# This program built for i386-apple-darwin11.3.0
 

# Make data base, printed on Tue Aug  9 22:45:24 2022

# Variables

 
# automatic
<D = $(patsubst %/,%,$(dir $<))
# automatic
?F = $(notdir $?)
# makefile (from `Makefile', line 3)
TARGET = $(shell echo $(PROGRAM) | tr "[:upper:]" "[:lower:]")
# automatic
?D = $(patsubst %/,%,$(dir $?))
# automatic
@D = $(patsubst %/,%,$(dir $@))
# automatic
@F = $(notdir $@)
# makefile
CURDIR := /Users/masudaryuto/Documents/GitHub/FanAnimation
# makefile
SHELL = /bin/sh
# environment
VSCODE_NLS_CONFIG = {"locale":"ja","availableLanguages":{},"_languagePackSupport":true}
# environment
_ = /usr/bin/make
# makefile (from `Makefile', line 1)
MAKEFILE_LIST :=  Makefile
# makefile (from `Makefile', line 27)
SOURCES = $(shell for each in `echo $(MODULES)` ; do echo $${each}.c ; done)
# environment
__CFBundleIdentifier = com.microsoft.VSCode
# environment
VSCODE_CWD = /
# makefile (from `Makefile', line 17)
CHECKER = scan-build --use-analyzer=`which $(CC)` --view -o $(REPORTS)
# environment
PATH = /usr/bin:/bin:/usr/sbin:/sbin:/usr/local/bin
# environment
LaunchInstanceID = B44DAA34-523A-4294-BBFD-377C437F5780
# environment
ELECTRON_RUN_AS_NODE = 1
# default
.FEATURES := target-specific order-only second-expansion else-if archives jobserver check-symlink
# makefile (from `Makefile', line 19)
MODULES = $(PROGRAM) Model View Controller Fan Bell
# environment
SSH_AUTH_SOCK = /private/tmp/com.apple.launchd.buHG7GhqNh/Listeners
# automatic
%F = $(notdir $%)
# environment
PWD = /Users/masudaryuto/Documents/GitHub/FanAnimation
# environment
ORIGINAL_XDG_CURRENT_DESKTOP = undefined
# environment
VSCODE_AMD_ENTRYPOINT = vs/workbench/api/node/extensionHostProcess
# environment
HOME = /Users/masudaryuto
# default
MAKEFILEPATH := /Applications/Xcode.app/Contents/Developer/Makefiles
# environment
VSCODE_CODE_CACHE_PATH = /Users/masudaryuto/Library/Application Support/Code/CachedData/3b889b090b5ad5793f524b5d1d39fda662b96a2a
# environment
LOGNAME = masudaryuto
# environment
APPLICATION_INSIGHTS_NO_DIAGNOSTIC_CHANNEL = 1
# makefile (from `Makefile', line 30)
HEADERS = Definition.h
# environment
VSCODE_HANDLES_UNCAUGHT_ERRORS = true
# automatic
^D = $(patsubst %/,%,$(dir $^))
# environment
XPC_FLAGS = 0x0
# default
MAKE = $(MAKE_COMMAND)
# default
MAKECMDGOALS := all
# environment
SHLVL = 1
# makefile (from `Makefile', line 4)
INSTDIR = $(APPNAME).app/Contents/Resources/C/
# makefile (from `Makefile', line 6)
CC = hgcc
# default
MAKE_VERSION := 3.81
# environment
USER = masudaryuto
# makefile
.DEFAULT_GOAL := all
# makefile (from `Makefile', line 7)
CCFLAGS = $(shell XcodeMajorVersion=`xcodebuild -version | head -n 1 | cut -d " " -f 2 | cut -d "." -f 1`; if [ $${XcodeMajorVersion} -lt "12" ] ; then echo '-Weverything -Werror -save-temps' ; else echo '-Weverything -Werror -Wno-poison-system-directories -save-temps' ; fi)
# automatic
%D = $(patsubst %/,%,$(dir $%))
# default
MAKE_COMMAND := /Applications/Xcode.app/Contents/Developer/usr/bin/make
# default
.VARIABLES := 
# environment
TMPDIR = /var/folders/2d/s_w2vnsj4xxfyp7vcz9krh440000gn/T/
# automatic
*F = $(notdir $*)
# environment
VSCODE_IPC_HOOK = /Users/masudaryuto/Library/Application Support/Code/1.69.2-main.sock
# makefile (from `Makefile', line 1)
PROGRAM = Main
# environment
MallocNanoZone = 0
# makefile
MAKEFLAGS = Rrqp
# environment
MFLAGS = -Rrqp
# automatic
*D = $(patsubst %/,%,$(dir $*))
# environment
XPC_SERVICE_NAME = application.com.microsoft.VSCode.78556642.78556650
# automatic
+D = $(patsubst %/,%,$(dir $+))
# automatic
+F = $(notdir $+)
# makefile (from `Makefile', line 2)
APPNAME = FanAnimation
# environment
__CF_USER_TEXT_ENCODING = 0x1F5:0x1:0xE
# environment
COMMAND_MODE = unix2003
# default
MAKEFILES := 
# automatic
<F = $(notdir $<)
# environment
LC_ALL = C
# environment
SECURITYSESSIONID = 1b3c1
# automatic
^F = $(notdir $^)
# default
SUFFIXES := 
# default
.INCLUDE_DIRS = /usr/local/include
# environment
MAKELEVEL := 0
# makefile (from `Makefile', line 28)
OBJECTS = $(shell for each in `echo $(MODULES)` ; do echo $${each}.o ; done)
# makefile (from `Makefile', line 16)
REPORTS = ClangStaticAnalyzerReports
# makefile (from `Makefile', line 5)
ARCHIVE = $(shell basename `pwd`)
# environment
LANG = C
# makefile (from `Makefile', line 15)
CCTEMPS = *.o *.s *.i *.bc
# environment
VSCODE_PID = 28954
# variable set hash-table stats:
# Load=74/1024=7%, Rehash=0, Collisions=1/127=1%

# Pattern-specific Variable Values

# No pattern-specific variable values.

# Directories

# . (device 16777220, inode 79599345): 23 files, no impossibilities.

# 23 files, no impossibilities in 1 directories.

# Implicit Rules

%.o: %.c
#  commands to execute (from `Makefile', line 42):
	$(CC) -c $< -o $@
	

# 1 implicit rules, 0 (0.0%) terminal.

# Files

# Not a target:
View.o:
#  Implicit rule search has not been done.
#  Modification time never checked.
#  File has not been updated.

# Not a target:
Definition.h:
#  Implicit rule search has been done.
#  Last modified 2022-08-09 20:59:58
#  File has been updated.
#  Successfully updated.
# variable set hash-table stats:
# Load=0/32=0%, Rehash=0, Collisions=0/0=0%

# Not a target:
Controller.o:
#  Implicit rule search has not been done.
#  Modification time never checked.
#  File has not been updated.

all: main
#  Command-line target.
#  Implicit rule search has not been done.
#  File does not exist.
#  File has been updated.
#  Needs to be updated (-q is set).
# variable set hash-table stats:
# Load=0/32=0%, Rehash=0, Collisions=0/2=0%
#  commands to execute (from `Makefile', line 33):
	@:
	

Main.c: Definition.h
#  Implicit rule search has not been done.
#  Implicit/static pattern stem: `'
#  Last modified 2022-08-09 16:45:45
#  File has been updated.
#  Needs to be updated (-q is set).
# automatic
# @ := Main.c
# automatic
# % := 
# automatic
# * := 
# automatic
# + := Definition.h
# automatic
# | := 
# automatic
# < := Definition.h
# automatic
# ^ := Definition.h
# automatic
# ? := Definition.h
# variable set hash-table stats:
# Load=8/32=25%, Rehash=0, Collisions=1/10=10%
#  commands to execute (from `Makefile', line 39):
	@:
	

# Not a target:
Bell.o:
#  Implicit rule search has not been done.
#  Modification time never checked.
#  File has not been updated.

wipe:
#  Implicit rule search has not been done.
#  Modification time never checked.
#  File has not been updated.
#  commands to execute (from `Makefile', line 67):
	@if [ -e $(REPORTS) ] ; then echo "rm -f -r $(REPORTS)" ; rm -f -r $(REPORTS) ; fi
	

zip: clean wipe
#  Implicit rule search has not been done.
#  Modification time never checked.
#  File has not been updated.
#  commands to execute (from `Makefile', line 61):
	(cd ../ ; zip -r ./$(ARCHIVE).zip ./$(ARCHIVE)/)
	

# Not a target:
Fan.o:
#  Implicit rule search has not been done.
#  Modification time never checked.
#  File has not been updated.

# Not a target:
.SUFFIXES:
#  Implicit rule search has not been done.
#  Modification time never checked.
#  File has not been updated.

format:
#  Implicit rule search has not been done.
#  Modification time never checked.
#  File has not been updated.
#  commands to execute (from `Makefile', line 70):
	@for each in $(HEADERS) $(SOURCES) ; do echo "/*** $${each} ***/" ; clang-format -style=file $${each} ; echo ; done
	

# Not a target:
Makefile:
#  Implicit rule search has been done.
#  Last modified 2022-08-09 22:26:49
#  File has been updated.
#  Successfully updated.
# variable set hash-table stats:
# Load=0/32=0%, Rehash=0, Collisions=0/0=0%

Model.c: Definition.h
#  Implicit rule search has not been done.
#  Modification time never checked.
#  File has not been updated.
#  commands to execute (from `Makefile', line 39):
	@:
	

test: main
#  Implicit rule search has not been done.
#  Modification time never checked.
#  File has not been updated.
#  commands to execute (from `Makefile', line 49):
	open ${HOME}/../../Applications/HgDisplayer.app;
	sleep 3;
	./$(TARGET)
	

View.c: Definition.h
#  Implicit rule search has not been done.
#  Modification time never checked.
#  File has not been updated.
#  commands to execute (from `Makefile', line 39):
	@:
	

Controller.c: Definition.h
#  Implicit rule search has not been done.
#  Modification time never checked.
 
#  File has not been updated.
#  commands to execute (from `Makefile', line 39):
	@:
	

Bell.c: Definition.h
#  Implicit rule search has not been done.
#  Modification time never checked.
#  File has not been updated.
#  commands to execute (from `Makefile', line 39):
	@:
	

Fan.c: Definition.h
#  Implicit rule search has not been done.
#  Modification time never checked.
#  File has not been updated.
#  commands to execute (from `Makefile', line 39):
	@:
	

# Not a target:
.DEFAULT:
#  Implicit rule search has not been done.
#  Modification time never checked.
#  File has not been updated.

clean:
#  Implicit rule search has not been done.
#  Modification time never checked.
#  File has not been updated.
#  commands to execute (from `Makefile', line 45):
	@for each in `ls $(TARGET) $(CCTEMPS) 2> /dev/null` ; do echo "rm -f $${each}" ; rm -f $${each} ; done
	@if [ -e $(INSTDIR) ] ; then echo "rm -f -r $(INSTDIR)" ; rm -f -r $(INSTDIR) ; fi
	

open: install
#  Implicit rule search has not been done.
#  Modification time never checked.
#  File has not been updated.
#  commands to execute (from `Makefile', line 58):
	open $(PROGRAM).app
	

Main.o: Main.c
#  Implicit rule search has been done.
#  Implicit/static pattern stem: `Main'
#  Last modified 2022-08-09 21:28:58
#  File has been updated.
#  Needs to be updated (-q is set).
# variable set hash-table stats:
# Load=0/32=0%, Rehash=0, Collisions=0/2=0%
#  commands to execute (from `Makefile', line 42):
	$(CC) -c $< -o $@
	

main: Main.o Model.o View.o Controller.o Fan.o Bell.o
#  Implicit rule search has not been done.
#  Last modified 2022-08-09 21:29:00
#  File has been updated.
#  Needs to be updated (-q is set).
# variable set hash-table stats:
# Load=0/32=0%, Rehash=0, Collisions=0/2=0%
#  commands to execute (from `Makefile', line 36):
	$(CC) -o $@ $(OBJECTS)
	

lint: clean
#  Implicit rule search has not been done.
#  Modification time never checked.
#  File has not been updated.
#  commands to execute (from `Makefile', line 64):
	$(CHECKER) make
	

# Not a target:
Model.o:
#  Implicit rule search has not been done.
#  Modification time never checked.
#  File has not been updated.

install: main
#  Implicit rule search has not been done.
#  Modification time never checked.
#  File has not been updated.
#  commands to execute (from `Makefile', line 54):
	@if [ ! -e $(INSTDIR) ] ; then echo "mkdir $(INSTDIR)" ; mkdir $(INSTDIR) ; fi
	cp -p $(TARGET) $(INSTDIR)
	

# files hash-table stats:
# Load=26/1024=3%, Rehash=0, Collisions=7/62=11%
# VPATH Search Paths

# No `vpath' search paths.

# No general (`VPATH' variable) search path.

# # of strings in strcache: 1
# # of strcache buffers: 1
# strcache size: total = 4096 / max = 4096 / min = 4096 / avg = 4096
# strcache free: total = 4087 / max = 4087 / min = 4087 / avg = 4087

# Finished Make data base on Tue Aug  9 22:45:24 2022

 
